<?xml version="1.0" encoding="UTF-8"?>
<!-- Generated by org.testng.reporters.JUnitXMLReporter -->
<testsuite ignored="0" hostname="Mani" failures="2" tests="2" name="BankApp Test(failed)" time="71.646" errors="0" timestamp="2023-01-22T17:52:53 IST">
  <testcase classname="com.interBanking_testcases.TC_LoginTest_002" name="LoginDDT" time="7.491">
    <failure type="java.lang.AssertionError">
      <![CDATA[java.lang.AssertionError
at org.junit.Assert.fail(Assert.java:86)
at org.junit.Assert.assertTrue(Assert.java:41)
at org.junit.Assert.assertTrue(Assert.java:52)
at com.interBanking_testcases.TC_LoginTest_002.LoginDDT(TC_LoginTest_002.java:27)
at java.base/java.util.ArrayList.forEach(ArrayList.java:1511)
... Removed 25 stack frames]]>
    </failure>
  </testcase> <!-- LoginDDT -->
  <testcase classname="com.interBanking_testcases.TC_LoginTest_002" name="LoginDDT" time="20.518">
    <failure type="java.lang.AssertionError">
      <![CDATA[java.lang.AssertionError
at org.junit.Assert.fail(Assert.java:86)
at org.junit.Assert.assertTrue(Assert.java:41)
at org.junit.Assert.assertTrue(Assert.java:52)
at com.interBanking_testcases.TC_LoginTest_002.LoginDDT(TC_LoginTest_002.java:27)
at java.base/java.util.ArrayList.forEach(ArrayList.java:1511)
... Removed 25 stack frames]]>
    </failure>
  </testcase> <!-- LoginDDT -->
</testsuite> <!-- BankApp Test(failed) -->
